[debug] [2024-04-03T16:50:39.021Z] ----------------------------------------------------------------------
[debug] [2024-04-03T16:50:39.026Z] Command:       C:\Program Files\nodejs\node.exe C:\Users\User\AppData\Roaming\npm\node_modules\firebase-tools\lib\bin\firebase.js init
[debug] [2024-04-03T16:50:39.026Z] CLI Version:   13.6.0
[debug] [2024-04-03T16:50:39.027Z] Platform:      win32
[debug] [2024-04-03T16:50:39.028Z] Node Version:  v18.18.2
[debug] [2024-04-03T16:50:39.029Z] Time:          Wed Apr 03 2024 22:20:39 GMT+0530 (India Standard Time)
[debug] [2024-04-03T16:50:39.029Z] ----------------------------------------------------------------------
[debug] 
[debug] [2024-04-03T16:50:39.208Z] > command requires scopes: ["email","openid","https://www.googleapis.com/auth/cloudplatformprojects.readonly","https://www.googleapis.com/auth/firebase","https://www.googleapis.com/auth/cloud-platform"]
[debug] [2024-04-03T16:50:39.209Z] > authorizing via signed-in user (sureshvelict@gmail.com)
[info] 
     ######## #### ########  ######## ########     ###     ######  ########
     ##        ##  ##     ## ##       ##     ##  ##   ##  ##       ##
     ######    ##  ########  ######   ########  #########  ######  ######
     ##        ##  ##    ##  ##       ##     ## ##     ##       ## ##
     ##       #### ##     ## ######## ########  ##     ##  ######  ########

You're about to initialize a Firebase project in this directory:

  D:\CoffeDay\coffee-day

Before we get started, keep in mind:

  * You are initializing within an existing Firebase project directory

[info] 
=== Project Setup
[info] 
[info] First, let's associate this project directory with a Firebase project.
[info] You can create multiple project aliases by running firebase use --add, 
[info] but for now we'll just set up a default project.
[info] 
[debug] [2024-04-03T16:52:35.713Z] Using project from CLI flag: coffee-day-3820b
[debug] [2024-04-03T16:52:35.723Z] >>> [apiv2][query] GET https://firebase.googleapis.com/v1beta1/projects/coffee-day-3820b [none]
[debug] [2024-04-03T16:52:36.512Z] <<< [apiv2][status] GET https://firebase.googleapis.com/v1beta1/projects/coffee-day-3820b 200
[debug] [2024-04-03T16:52:36.513Z] <<< [apiv2][body] GET https://firebase.googleapis.com/v1beta1/projects/coffee-day-3820b {"projectId":"coffee-day-3820b","projectNumber":"829395928054","displayName":"coffee-day","name":"projects/coffee-day-3820b","resources":{"hostingSite":"coffee-day-3820b"},"state":"ACTIVE","etag":"1_d2fb4c31-eb3f-42f5-8875-9c233dceed30"}
[info] i  Using project coffee-day-3820b (coffee-day) 
[info] 
=== Hosting Setup
[debug] [2024-04-03T16:52:36.528Z] >>> [apiv2][query] GET https://firebase.googleapis.com/v1beta1/projects/coffee-day-3820b [none]
[debug] [2024-04-03T16:52:37.068Z] <<< [apiv2][status] GET https://firebase.googleapis.com/v1beta1/projects/coffee-day-3820b 200
[debug] [2024-04-03T16:52:37.069Z] <<< [apiv2][body] GET https://firebase.googleapis.com/v1beta1/projects/coffee-day-3820b {"projectId":"coffee-day-3820b","projectNumber":"829395928054","displayName":"coffee-day","name":"projects/coffee-day-3820b","resources":{"hostingSite":"coffee-day-3820b"},"state":"ACTIVE","etag":"1_d2fb4c31-eb3f-42f5-8875-9c233dceed30"}
[info] 
[info] Your public directory is the folder (relative to your project directory) that
[info] will contain Hosting assets to be uploaded with firebase deploy. If you
[info] have a build process for your assets, use your build's output directory.
[info] 
